<?xml version="1.0" encoding="UTF-8"?>
<testng-results skipped="0" failed="0" ignored="0" total="2" passed="2">
  <reporter-output>
  </reporter-output>
  <suite name="DemoTestCase" duration-ms="89" started-at="2021-08-21T09:29:21 IST" finished-at="2021-08-21T09:29:21 IST">
    <groups>
    </groups>
    <test name="Command line test" duration-ms="89" started-at="2021-08-21T09:29:21 IST" finished-at="2021-08-21T09:29:21 IST">
      <class name="DemoTestCase">
        <test-method status="PASS" signature="print1()[pri:0, instance:DemoTestCase@4cf777e8]" name="print1" duration-ms="12" started-at="2021-08-21T09:29:21 IST" finished-at="2021-08-21T09:29:21 IST">
          <reporter-output>
          </reporter-output>
        </test-method> <!-- print1 -->
        <test-method status="PASS" signature="print2()[pri:0, instance:DemoTestCase@4cf777e8]" name="print2" duration-ms="0" started-at="2021-08-21T09:29:21 IST" finished-at="2021-08-21T09:29:21 IST">
          <reporter-output>
          </reporter-output>
        </test-method> <!-- print2 -->
      </class> <!-- DemoTestCase -->
    </test> <!-- Command line test -->
  </suite> <!-- DemoTestCase -->
</testng-results>
